\BOOKMARK [0][-]{chapter.1}{\376\377\000C\000l\000a\000s\000s\000\040\000I\000n\000d\000e\000x}{}% 1
\BOOKMARK [1][-]{section.1.1}{\376\377\000C\000l\000a\000s\000s\000\040\000L\000i\000s\000t}{chapter.1}% 2
\BOOKMARK [0][-]{chapter.2}{\376\377\000F\000i\000l\000e\000\040\000I\000n\000d\000e\000x}{}% 3
\BOOKMARK [1][-]{section.2.1}{\376\377\000F\000i\000l\000e\000\040\000L\000i\000s\000t}{chapter.2}% 4
\BOOKMARK [0][-]{chapter.3}{\376\377\000C\000l\000a\000s\000s\000\040\000D\000o\000c\000u\000m\000e\000n\000t\000a\000t\000i\000o\000n}{}% 5
\BOOKMARK [1][-]{section.3.1}{\376\377\000E\000l\000e\000m\000e\000n\000t\000\040\000C\000l\000a\000s\000s\000\040\000R\000e\000f\000e\000r\000e\000n\000c\000e}{chapter.3}% 6
\BOOKMARK [2][-]{subsection.3.1.1}{\376\377\000D\000e\000t\000a\000i\000l\000e\000d\000\040\000D\000e\000s\000c\000r\000i\000p\000t\000i\000o\000n}{section.3.1}% 7
\BOOKMARK [2][-]{subsection.3.1.2}{\376\377\000C\000o\000n\000s\000t\000r\000u\000c\000t\000o\000r\000\040\000\046\000\040\000D\000e\000s\000t\000r\000u\000c\000t\000o\000r\000\040\000D\000o\000c\000u\000m\000e\000n\000t\000a\000t\000i\000o\000n}{section.3.1}% 8
\BOOKMARK [3][-]{subsubsection.3.1.2.1}{\376\377\000E\000l\000e\000m\000e\000n\000t}{subsection.3.1.2}% 9
\BOOKMARK [3][-]{subsubsection.3.1.2.2}{\376\377\000E\000l\000e\000m\000e\000n\000t}{subsection.3.1.2}% 10
\BOOKMARK [3][-]{subsubsection.3.1.2.3}{\376\377\000E\000l\000e\000m\000e\000n\000t}{subsection.3.1.2}% 11
\BOOKMARK [3][-]{subsubsection.3.1.2.4}{\376\377\000E\000l\000e\000m\000e\000n\000t}{subsection.3.1.2}% 12
\BOOKMARK [2][-]{subsection.3.1.3}{\376\377\000M\000e\000m\000b\000e\000r\000\040\000F\000u\000n\000c\000t\000i\000o\000n\000\040\000D\000o\000c\000u\000m\000e\000n\000t\000a\000t\000i\000o\000n}{section.3.1}% 13
\BOOKMARK [3][-]{subsubsection.3.1.3.1}{\376\377\000a\000d\000d\000C\000h\000i\000l\000d}{subsection.3.1.3}% 14
\BOOKMARK [3][-]{subsubsection.3.1.3.2}{\376\377\000c\000l\000e\000a\000r\000R\000e\000s\000u\000l\000t}{subsection.3.1.3}% 15
\BOOKMARK [3][-]{subsubsection.3.1.3.3}{\376\377\000g\000e\000t\000I\000d}{subsection.3.1.3}% 16
\BOOKMARK [3][-]{subsubsection.3.1.3.4}{\376\377\000m\000o\000u\000s\000e\000I\000n\000p\000u\000t}{subsection.3.1.3}% 17
\BOOKMARK [3][-]{subsubsection.3.1.3.5}{\376\377\000o\000p\000e\000r\000a\000t\000o\000r\000<}{subsection.3.1.3}% 18
\BOOKMARK [3][-]{subsubsection.3.1.3.6}{\376\377\000r\000e\000g\000i\000s\000t\000e\000r\000C\000a\000l\000l\000b\000a\000c\000k}{subsection.3.1.3}% 19
\BOOKMARK [3][-]{subsubsection.3.1.3.7}{\376\377\000r\000e\000n\000d\000e\000r}{subsection.3.1.3}% 20
\BOOKMARK [3][-]{subsubsection.3.1.3.8}{\376\377\000s\000e\000t\000D\000i\000r\000t\000y}{subsection.3.1.3}% 21
\BOOKMARK [3][-]{subsubsection.3.1.3.9}{\376\377\000s\000e\000t\000H\000e\000i\000g\000h\000t}{subsection.3.1.3}% 22
\BOOKMARK [3][-]{subsubsection.3.1.3.10}{\376\377\000s\000e\000t\000W\000i\000d\000t\000h}{subsection.3.1.3}% 23
\BOOKMARK [3][-]{subsubsection.3.1.3.11}{\376\377\000s\000e\000t\000X}{subsection.3.1.3}% 24
\BOOKMARK [3][-]{subsubsection.3.1.3.12}{\376\377\000s\000e\000t\000Y}{subsection.3.1.3}% 25
\BOOKMARK [3][-]{subsubsection.3.1.3.13}{\376\377\000s\000e\000t\000Z}{subsection.3.1.3}% 26
\BOOKMARK [2][-]{subsection.3.1.4}{\376\377\000M\000e\000m\000b\000e\000r\000\040\000D\000a\000t\000a\000\040\000D\000o\000c\000u\000m\000e\000n\000t\000a\000t\000i\000o\000n}{section.3.1}% 27
\BOOKMARK [3][-]{subsubsection.3.1.4.1}{\376\377\000\137\000h\000e\000i\000g\000h\000t}{subsection.3.1.4}% 28
\BOOKMARK [3][-]{subsubsection.3.1.4.2}{\376\377\000\137\000r\000e\000s\000u\000l\000t}{subsection.3.1.4}% 29
\BOOKMARK [3][-]{subsubsection.3.1.4.3}{\376\377\000\137\000w\000i\000d\000t\000h}{subsection.3.1.4}% 30
\BOOKMARK [3][-]{subsubsection.3.1.4.4}{\376\377\000\137\000x\000C\000o\000o\000r\000d}{subsection.3.1.4}% 31
\BOOKMARK [3][-]{subsubsection.3.1.4.5}{\376\377\000\137\000y\000C\000o\000o\000r\000d}{subsection.3.1.4}% 32
\BOOKMARK [0][-]{chapter.4}{\376\377\000F\000i\000l\000e\000\040\000D\000o\000c\000u\000m\000e\000n\000t\000a\000t\000i\000o\000n}{}% 33
\BOOKMARK [1][-]{section.4.1}{\376\377\000E\000l\000e\000m\000e\000n\000t\000.\000c\000p\000p\000\040\000F\000i\000l\000e\000\040\000R\000e\000f\000e\000r\000e\000n\000c\000e}{chapter.4}% 34
\BOOKMARK [1][-]{section.4.2}{\376\377\000E\000l\000e\000m\000e\000n\000t\000.\000h\000\040\000F\000i\000l\000e\000\040\000R\000e\000f\000e\000r\000e\000n\000c\000e}{chapter.4}% 35
\BOOKMARK [2][-]{subsection.4.2.1}{\376\377\000D\000e\000t\000a\000i\000l\000e\000d\000\040\000D\000e\000s\000c\000r\000i\000p\000t\000i\000o\000n}{section.4.2}% 36
\BOOKMARK [1][-]{section.4.3}{\376\377\000M\000a\000i\000n\000.\000c\000p\000p\000\040\000F\000i\000l\000e\000\040\000R\000e\000f\000e\000r\000e\000n\000c\000e}{chapter.4}% 37
\BOOKMARK [2][-]{subsection.4.3.1}{\376\377\000F\000u\000n\000c\000t\000i\000o\000n\000\040\000D\000o\000c\000u\000m\000e\000n\000t\000a\000t\000i\000o\000n}{section.4.3}% 38
\BOOKMARK [3][-]{subsubsection.4.3.1.1}{\376\377\000m\000a\000i\000n}{subsection.4.3.1}% 39
\BOOKMARK [-1][-]{subsubsection.4.3.1.1}{\376\377\000I\000n\000d\000e\000x}{}% 40
