\BOOKMARK [0][-]{chapter.1}{\376\377\000b\000a\000r\000b\000s\000-\000b\000a\000n\000d\000i\000t\000s}{}% 1
\BOOKMARK [0][-]{chapter.2}{\376\377\000H\000i\000e\000r\000a\000r\000c\000h\000i\000c\000a\000l\000\040\000I\000n\000d\000e\000x}{}% 2
\BOOKMARK [1][-]{section.2.1}{\376\377\000C\000l\000a\000s\000s\000\040\000H\000i\000e\000r\000a\000r\000c\000h\000y}{chapter.2}% 3
\BOOKMARK [0][-]{chapter.3}{\376\377\000C\000l\000a\000s\000s\000\040\000I\000n\000d\000e\000x}{}% 4
\BOOKMARK [1][-]{section.3.1}{\376\377\000C\000l\000a\000s\000s\000\040\000L\000i\000s\000t}{chapter.3}% 5
\BOOKMARK [0][-]{chapter.4}{\376\377\000F\000i\000l\000e\000\040\000I\000n\000d\000e\000x}{}% 6
\BOOKMARK [1][-]{section.4.1}{\376\377\000F\000i\000l\000e\000\040\000L\000i\000s\000t}{chapter.4}% 7
\BOOKMARK [0][-]{chapter.5}{\376\377\000C\000l\000a\000s\000s\000\040\000D\000o\000c\000u\000m\000e\000n\000t\000a\000t\000i\000o\000n}{}% 8
\BOOKMARK [1][-]{section.5.1}{\376\377\000B\000u\000t\000t\000o\000n\000\040\000C\000l\000a\000s\000s\000\040\000R\000e\000f\000e\000r\000e\000n\000c\000e}{chapter.5}% 9
\BOOKMARK [2][-]{subsection.5.1.1}{\376\377\000D\000e\000t\000a\000i\000l\000e\000d\000\040\000D\000e\000s\000c\000r\000i\000p\000t\000i\000o\000n}{section.5.1}% 10
\BOOKMARK [2][-]{subsection.5.1.2}{\376\377\000C\000o\000n\000s\000t\000r\000u\000c\000t\000o\000r\000\040\000\046\000\040\000D\000e\000s\000t\000r\000u\000c\000t\000o\000r\000\040\000D\000o\000c\000u\000m\000e\000n\000t\000a\000t\000i\000o\000n}{section.5.1}% 11
\BOOKMARK [3][-]{subsubsection.5.1.2.1}{\376\377\000B\000u\000t\000t\000o\000n}{subsection.5.1.2}% 12
\BOOKMARK [3][-]{subsubsection.5.1.2.2}{\376\377\000B\000u\000t\000t\000o\000n}{subsection.5.1.2}% 13
\BOOKMARK [3][-]{subsubsection.5.1.2.3}{\376\377\000B\000u\000t\000t\000o\000n}{subsection.5.1.2}% 14
\BOOKMARK [3][-]{subsubsection.5.1.2.4}{\376\377\000B\000u\000t\000t\000o\000n}{subsection.5.1.2}% 15
\BOOKMARK [3][-]{subsubsection.5.1.2.5}{\376\377\000B\000u\000t\000t\000o\000n}{subsection.5.1.2}% 16
\BOOKMARK [2][-]{subsection.5.1.3}{\376\377\000M\000e\000m\000b\000e\000r\000\040\000F\000u\000n\000c\000t\000i\000o\000n\000\040\000D\000o\000c\000u\000m\000e\000n\000t\000a\000t\000i\000o\000n}{section.5.1}% 17
\BOOKMARK [3][-]{subsubsection.5.1.3.1}{\376\377\000s\000e\000t\000B\000g\000I\000m\000g}{subsection.5.1.3}% 18
\BOOKMARK [3][-]{subsubsection.5.1.3.2}{\376\377\000s\000e\000t\000T\000e\000x\000t}{subsection.5.1.3}% 19
\BOOKMARK [2][-]{subsection.5.1.4}{\376\377\000M\000e\000m\000b\000e\000r\000\040\000D\000a\000t\000a\000\040\000D\000o\000c\000u\000m\000e\000n\000t\000a\000t\000i\000o\000n}{section.5.1}% 20
\BOOKMARK [3][-]{subsubsection.5.1.4.1}{\376\377\000\137\000i\000m\000a\000g\000e\000E}{subsection.5.1.4}% 21
\BOOKMARK [3][-]{subsubsection.5.1.4.2}{\376\377\000\137\000t\000e\000x\000t\000E}{subsection.5.1.4}% 22
\BOOKMARK [1][-]{section.5.2}{\376\377\000C\000h\000e\000c\000k\000B\000o\000x\000\040\000C\000l\000a\000s\000s\000\040\000R\000e\000f\000e\000r\000e\000n\000c\000e}{chapter.5}% 23
\BOOKMARK [2][-]{subsection.5.2.1}{\376\377\000D\000e\000t\000a\000i\000l\000e\000d\000\040\000D\000e\000s\000c\000r\000i\000p\000t\000i\000o\000n}{section.5.2}% 24
\BOOKMARK [2][-]{subsection.5.2.2}{\376\377\000C\000o\000n\000s\000t\000r\000u\000c\000t\000o\000r\000\040\000\046\000\040\000D\000e\000s\000t\000r\000u\000c\000t\000o\000r\000\040\000D\000o\000c\000u\000m\000e\000n\000t\000a\000t\000i\000o\000n}{section.5.2}% 25
\BOOKMARK [3][-]{subsubsection.5.2.2.1}{\376\377\000C\000h\000e\000c\000k\000B\000o\000x}{subsection.5.2.2}% 26
\BOOKMARK [3][-]{subsubsection.5.2.2.2}{\376\377\000C\000h\000e\000c\000k\000B\000o\000x}{subsection.5.2.2}% 27
\BOOKMARK [1][-]{section.5.3}{\376\377\000E\000l\000e\000m\000e\000n\000t\000\040\000C\000l\000a\000s\000s\000\040\000R\000e\000f\000e\000r\000e\000n\000c\000e}{chapter.5}% 28
\BOOKMARK [2][-]{subsection.5.3.1}{\376\377\000D\000e\000t\000a\000i\000l\000e\000d\000\040\000D\000e\000s\000c\000r\000i\000p\000t\000i\000o\000n}{section.5.3}% 29
\BOOKMARK [2][-]{subsection.5.3.2}{\376\377\000C\000o\000n\000s\000t\000r\000u\000c\000t\000o\000r\000\040\000\046\000\040\000D\000e\000s\000t\000r\000u\000c\000t\000o\000r\000\040\000D\000o\000c\000u\000m\000e\000n\000t\000a\000t\000i\000o\000n}{section.5.3}% 30
\BOOKMARK [3][-]{subsubsection.5.3.2.1}{\376\377\000E\000l\000e\000m\000e\000n\000t}{subsection.5.3.2}% 31
\BOOKMARK [3][-]{subsubsection.5.3.2.2}{\376\377\000E\000l\000e\000m\000e\000n\000t}{subsection.5.3.2}% 32
\BOOKMARK [3][-]{subsubsection.5.3.2.3}{\376\377\000E\000l\000e\000m\000e\000n\000t}{subsection.5.3.2}% 33
\BOOKMARK [3][-]{subsubsection.5.3.2.4}{\376\377\000E\000l\000e\000m\000e\000n\000t}{subsection.5.3.2}% 34
\BOOKMARK [2][-]{subsection.5.3.3}{\376\377\000M\000e\000m\000b\000e\000r\000\040\000F\000u\000n\000c\000t\000i\000o\000n\000\040\000D\000o\000c\000u\000m\000e\000n\000t\000a\000t\000i\000o\000n}{section.5.3}% 35
\BOOKMARK [3][-]{subsubsection.5.3.3.1}{\376\377\000a\000d\000d\000C\000h\000i\000l\000d}{subsection.5.3.3}% 36
\BOOKMARK [3][-]{subsubsection.5.3.3.2}{\376\377\000c\000l\000e\000a\000r\000R\000e\000s\000u\000l\000t}{subsection.5.3.3}% 37
\BOOKMARK [3][-]{subsubsection.5.3.3.3}{\376\377\000g\000e\000t\000I\000d}{subsection.5.3.3}% 38
\BOOKMARK [3][-]{subsubsection.5.3.3.4}{\376\377\000m\000o\000u\000s\000e\000I\000n\000p\000u\000t}{subsection.5.3.3}% 39
\BOOKMARK [3][-]{subsubsection.5.3.3.5}{\376\377\000o\000p\000e\000r\000a\000t\000o\000r\000<}{subsection.5.3.3}% 40
\BOOKMARK [3][-]{subsubsection.5.3.3.6}{\376\377\000r\000e\000g\000i\000s\000t\000e\000r\000C\000a\000l\000l\000b\000a\000c\000k}{subsection.5.3.3}% 41
\BOOKMARK [3][-]{subsubsection.5.3.3.7}{\376\377\000r\000e\000n\000d\000e\000r}{subsection.5.3.3}% 42
\BOOKMARK [3][-]{subsubsection.5.3.3.8}{\376\377\000s\000e\000t\000D\000i\000r\000t\000y}{subsection.5.3.3}% 43
\BOOKMARK [3][-]{subsubsection.5.3.3.9}{\376\377\000s\000e\000t\000H\000e\000i\000g\000h\000t}{subsection.5.3.3}% 44
\BOOKMARK [3][-]{subsubsection.5.3.3.10}{\376\377\000s\000e\000t\000W\000i\000d\000t\000h}{subsection.5.3.3}% 45
\BOOKMARK [3][-]{subsubsection.5.3.3.11}{\376\377\000s\000e\000t\000X}{subsection.5.3.3}% 46
\BOOKMARK [3][-]{subsubsection.5.3.3.12}{\376\377\000s\000e\000t\000Y}{subsection.5.3.3}% 47
\BOOKMARK [3][-]{subsubsection.5.3.3.13}{\376\377\000s\000e\000t\000Z}{subsection.5.3.3}% 48
\BOOKMARK [2][-]{subsection.5.3.4}{\376\377\000M\000e\000m\000b\000e\000r\000\040\000D\000a\000t\000a\000\040\000D\000o\000c\000u\000m\000e\000n\000t\000a\000t\000i\000o\000n}{section.5.3}% 49
\BOOKMARK [3][-]{subsubsection.5.3.4.1}{\376\377\000\137\000h\000e\000i\000g\000h\000t}{subsection.5.3.4}% 50
\BOOKMARK [3][-]{subsubsection.5.3.4.2}{\376\377\000\137\000r\000e\000s\000u\000l\000t}{subsection.5.3.4}% 51
\BOOKMARK [3][-]{subsubsection.5.3.4.3}{\376\377\000\137\000w\000i\000d\000t\000h}{subsection.5.3.4}% 52
\BOOKMARK [3][-]{subsubsection.5.3.4.4}{\376\377\000\137\000x\000C\000o\000o\000r\000d}{subsection.5.3.4}% 53
\BOOKMARK [3][-]{subsubsection.5.3.4.5}{\376\377\000\137\000y\000C\000o\000o\000r\000d}{subsection.5.3.4}% 54
\BOOKMARK [1][-]{section.5.4}{\376\377\000I\000m\000a\000g\000e\000\040\000C\000l\000a\000s\000s\000\040\000R\000e\000f\000e\000r\000e\000n\000c\000e}{chapter.5}% 55
\BOOKMARK [2][-]{subsection.5.4.1}{\376\377\000D\000e\000t\000a\000i\000l\000e\000d\000\040\000D\000e\000s\000c\000r\000i\000p\000t\000i\000o\000n}{section.5.4}% 56
\BOOKMARK [2][-]{subsection.5.4.2}{\376\377\000C\000o\000n\000s\000t\000r\000u\000c\000t\000o\000r\000\040\000\046\000\040\000D\000e\000s\000t\000r\000u\000c\000t\000o\000r\000\040\000D\000o\000c\000u\000m\000e\000n\000t\000a\000t\000i\000o\000n}{section.5.4}% 57
\BOOKMARK [3][-]{subsubsection.5.4.2.1}{\376\377\000I\000m\000a\000g\000e}{subsection.5.4.2}% 58
\BOOKMARK [3][-]{subsubsection.5.4.2.2}{\376\377\000I\000m\000a\000g\000e}{subsection.5.4.2}% 59
\BOOKMARK [3][-]{subsubsection.5.4.2.3}{\376\377\000I\000m\000a\000g\000e}{subsection.5.4.2}% 60
\BOOKMARK [3][-]{subsubsection.5.4.2.4}{\376\377\000I\000m\000a\000g\000e}{subsection.5.4.2}% 61
\BOOKMARK [3][-]{subsubsection.5.4.2.5}{\376\377\000I\000m\000a\000g\000e}{subsection.5.4.2}% 62
\BOOKMARK [3][-]{subsubsection.5.4.2.6}{\376\377\000I\000m\000a\000g\000e}{subsection.5.4.2}% 63
\BOOKMARK [2][-]{subsection.5.4.3}{\376\377\000M\000e\000m\000b\000e\000r\000\040\000F\000u\000n\000c\000t\000i\000o\000n\000\040\000D\000o\000c\000u\000m\000e\000n\000t\000a\000t\000i\000o\000n}{section.5.4}% 64
\BOOKMARK [3][-]{subsubsection.5.4.3.1}{\376\377\000b\000l\000i\000t}{subsection.5.4.3}% 65
\BOOKMARK [3][-]{subsubsection.5.4.3.2}{\376\377\000g\000e\000t}{subsection.5.4.3}% 66
\BOOKMARK [3][-]{subsubsection.5.4.3.3}{\376\377\000g\000e\000t\000P\000i\000x\000e\000l\000s}{subsection.5.4.3}% 67
\BOOKMARK [3][-]{subsubsection.5.4.3.4}{\376\377\000h\000e\000i\000g\000h\000t}{subsection.5.4.3}% 68
\BOOKMARK [3][-]{subsubsection.5.4.3.5}{\376\377\000s\000e\000t}{subsection.5.4.3}% 69
\BOOKMARK [3][-]{subsubsection.5.4.3.6}{\376\377\000s\000e\000t}{subsection.5.4.3}% 70
\BOOKMARK [3][-]{subsubsection.5.4.3.7}{\376\377\000w\000i\000d\000t\000h}{subsection.5.4.3}% 71
\BOOKMARK [2][-]{subsection.5.4.4}{\376\377\000F\000r\000i\000e\000n\000d\000s\000\040\000A\000n\000d\000\040\000R\000e\000l\000a\000t\000e\000d\000\040\000F\000u\000n\000c\000t\000i\000o\000n\000\040\000D\000o\000c\000u\000m\000e\000n\000t\000a\000t\000i\000o\000n}{section.5.4}% 72
\BOOKMARK [3][-]{subsubsection.5.4.4.1}{\376\377\000o\000p\000e\000r\000a\000t\000o\000r\000<\000<}{subsection.5.4.4}% 73
\BOOKMARK [1][-]{section.5.5}{\376\377\000I\000m\000a\000g\000e\000E\000l\000e\000m\000e\000n\000t\000\040\000C\000l\000a\000s\000s\000\040\000R\000e\000f\000e\000r\000e\000n\000c\000e}{chapter.5}% 74
\BOOKMARK [2][-]{subsection.5.5.1}{\376\377\000D\000e\000t\000a\000i\000l\000e\000d\000\040\000D\000e\000s\000c\000r\000i\000p\000t\000i\000o\000n}{section.5.5}% 75
\BOOKMARK [2][-]{subsection.5.5.2}{\376\377\000C\000o\000n\000s\000t\000r\000u\000c\000t\000o\000r\000\040\000\046\000\040\000D\000e\000s\000t\000r\000u\000c\000t\000o\000r\000\040\000D\000o\000c\000u\000m\000e\000n\000t\000a\000t\000i\000o\000n}{section.5.5}% 76
\BOOKMARK [3][-]{subsubsection.5.5.2.1}{\376\377\000I\000m\000a\000g\000e\000E\000l\000e\000m\000e\000n\000t}{subsection.5.5.2}% 77
\BOOKMARK [3][-]{subsubsection.5.5.2.2}{\376\377\000I\000m\000a\000g\000e\000E\000l\000e\000m\000e\000n\000t}{subsection.5.5.2}% 78
\BOOKMARK [3][-]{subsubsection.5.5.2.3}{\376\377\000I\000m\000a\000g\000e\000E\000l\000e\000m\000e\000n\000t}{subsection.5.5.2}% 79
\BOOKMARK [3][-]{subsubsection.5.5.2.4}{\376\377\000I\000m\000a\000g\000e\000E\000l\000e\000m\000e\000n\000t}{subsection.5.5.2}% 80
\BOOKMARK [3][-]{subsubsection.5.5.2.5}{\376\377\000I\000m\000a\000g\000e\000E\000l\000e\000m\000e\000n\000t}{subsection.5.5.2}% 81
\BOOKMARK [2][-]{subsection.5.5.3}{\376\377\000M\000e\000m\000b\000e\000r\000\040\000F\000u\000n\000c\000t\000i\000o\000n\000\040\000D\000o\000c\000u\000m\000e\000n\000t\000a\000t\000i\000o\000n}{section.5.5}% 82
\BOOKMARK [3][-]{subsubsection.5.5.3.1}{\376\377\000c\000l\000e\000a\000r\000R\000e\000s\000u\000l\000t}{subsection.5.5.3}% 83
\BOOKMARK [1][-]{section.5.6}{\376\377\000P\000i\000x\000e\000l\000\040\000C\000l\000a\000s\000s\000\040\000R\000e\000f\000e\000r\000e\000n\000c\000e}{chapter.5}% 84
\BOOKMARK [2][-]{subsection.5.6.1}{\376\377\000D\000e\000t\000a\000i\000l\000e\000d\000\040\000D\000e\000s\000c\000r\000i\000p\000t\000i\000o\000n}{section.5.6}% 85
\BOOKMARK [2][-]{subsection.5.6.2}{\376\377\000C\000o\000n\000s\000t\000r\000u\000c\000t\000o\000r\000\040\000\046\000\040\000D\000e\000s\000t\000r\000u\000c\000t\000o\000r\000\040\000D\000o\000c\000u\000m\000e\000n\000t\000a\000t\000i\000o\000n}{section.5.6}% 86
\BOOKMARK [3][-]{subsubsection.5.6.2.1}{\376\377\000P\000i\000x\000e\000l}{subsection.5.6.2}% 87
\BOOKMARK [3][-]{subsubsection.5.6.2.2}{\376\377\000P\000i\000x\000e\000l}{subsection.5.6.2}% 88
\BOOKMARK [3][-]{subsubsection.5.6.2.3}{\376\377\000P\000i\000x\000e\000l}{subsection.5.6.2}% 89
\BOOKMARK [3][-]{subsubsection.5.6.2.4}{\376\377\000P\000i\000x\000e\000l}{subsection.5.6.2}% 90
\BOOKMARK [2][-]{subsection.5.6.3}{\376\377\000M\000e\000m\000b\000e\000r\000\040\000F\000u\000n\000c\000t\000i\000o\000n\000\040\000D\000o\000c\000u\000m\000e\000n\000t\000a\000t\000i\000o\000n}{section.5.6}% 91
\BOOKMARK [3][-]{subsubsection.5.6.3.1}{\376\377\000g\000e\000t\000A}{subsection.5.6.3}% 92
\BOOKMARK [3][-]{subsubsection.5.6.3.2}{\376\377\000g\000e\000t\000B}{subsection.5.6.3}% 93
\BOOKMARK [3][-]{subsubsection.5.6.3.3}{\376\377\000g\000e\000t\000G}{subsection.5.6.3}% 94
\BOOKMARK [3][-]{subsubsection.5.6.3.4}{\376\377\000g\000e\000t\000R}{subsection.5.6.3}% 95
\BOOKMARK [3][-]{subsubsection.5.6.3.5}{\376\377\000s\000e\000t\000R\000G\000B}{subsection.5.6.3}% 96
\BOOKMARK [3][-]{subsubsection.5.6.3.6}{\376\377\000s\000e\000t\000R\000G\000B\000A}{subsection.5.6.3}% 97
\BOOKMARK [2][-]{subsection.5.6.4}{\376\377\000F\000r\000i\000e\000n\000d\000s\000\040\000A\000n\000d\000\040\000R\000e\000l\000a\000t\000e\000d\000\040\000F\000u\000n\000c\000t\000i\000o\000n\000\040\000D\000o\000c\000u\000m\000e\000n\000t\000a\000t\000i\000o\000n}{section.5.6}% 98
\BOOKMARK [3][-]{subsubsection.5.6.4.1}{\376\377\000o\000p\000e\000r\000a\000t\000o\000r\000<\000<}{subsection.5.6.4}% 99
\BOOKMARK [1][-]{section.5.7}{\376\377\000T\000e\000x\000t\000\040\000C\000l\000a\000s\000s\000\040\000R\000e\000f\000e\000r\000e\000n\000c\000e}{chapter.5}% 100
\BOOKMARK [2][-]{subsection.5.7.1}{\376\377\000D\000e\000t\000a\000i\000l\000e\000d\000\040\000D\000e\000s\000c\000r\000i\000p\000t\000i\000o\000n}{section.5.7}% 101
\BOOKMARK [2][-]{subsection.5.7.2}{\376\377\000C\000o\000n\000s\000t\000r\000u\000c\000t\000o\000r\000\040\000\046\000\040\000D\000e\000s\000t\000r\000u\000c\000t\000o\000r\000\040\000D\000o\000c\000u\000m\000e\000n\000t\000a\000t\000i\000o\000n}{section.5.7}% 102
\BOOKMARK [3][-]{subsubsection.5.7.2.1}{\376\377\000T\000e\000x\000t}{subsection.5.7.2}% 103
\BOOKMARK [3][-]{subsubsection.5.7.2.2}{\376\377\000T\000e\000x\000t}{subsection.5.7.2}% 104
\BOOKMARK [3][-]{subsubsection.5.7.2.3}{\376\377\000T\000e\000x\000t}{subsection.5.7.2}% 105
\BOOKMARK [3][-]{subsubsection.5.7.2.4}{\376\377\000T\000e\000x\000t}{subsection.5.7.2}% 106
\BOOKMARK [3][-]{subsubsection.5.7.2.5}{\376\377\000T\000e\000x\000t}{subsection.5.7.2}% 107
\BOOKMARK [2][-]{subsection.5.7.3}{\376\377\000M\000e\000m\000b\000e\000r\000\040\000F\000u\000n\000c\000t\000i\000o\000n\000\040\000D\000o\000c\000u\000m\000e\000n\000t\000a\000t\000i\000o\000n}{section.5.7}% 108
\BOOKMARK [3][-]{subsubsection.5.7.3.1}{\376\377\000g\000e\000t\000I\000m\000a\000g\000e}{subsection.5.7.3}% 109
\BOOKMARK [3][-]{subsubsection.5.7.3.2}{\376\377\000g\000e\000t\000T\000e\000x\000t}{subsection.5.7.3}% 110
\BOOKMARK [3][-]{subsubsection.5.7.3.3}{\376\377\000s\000e\000t\000T\000e\000x\000t}{subsection.5.7.3}% 111
\BOOKMARK [1][-]{section.5.8}{\376\377\000T\000e\000x\000t\000E\000l\000e\000m\000e\000n\000t\000\040\000C\000l\000a\000s\000s\000\040\000R\000e\000f\000e\000r\000e\000n\000c\000e}{chapter.5}% 112
\BOOKMARK [2][-]{subsection.5.8.1}{\376\377\000D\000e\000t\000a\000i\000l\000e\000d\000\040\000D\000e\000s\000c\000r\000i\000p\000t\000i\000o\000n}{section.5.8}% 113
\BOOKMARK [2][-]{subsection.5.8.2}{\376\377\000C\000o\000n\000s\000t\000r\000u\000c\000t\000o\000r\000\040\000\046\000\040\000D\000e\000s\000t\000r\000u\000c\000t\000o\000r\000\040\000D\000o\000c\000u\000m\000e\000n\000t\000a\000t\000i\000o\000n}{section.5.8}% 114
\BOOKMARK [3][-]{subsubsection.5.8.2.1}{\376\377\000T\000e\000x\000t\000E\000l\000e\000m\000e\000n\000t}{subsection.5.8.2}% 115
\BOOKMARK [3][-]{subsubsection.5.8.2.2}{\376\377\000T\000e\000x\000t\000E\000l\000e\000m\000e\000n\000t}{subsection.5.8.2}% 116
\BOOKMARK [3][-]{subsubsection.5.8.2.3}{\376\377\000T\000e\000x\000t\000E\000l\000e\000m\000e\000n\000t}{subsection.5.8.2}% 117
\BOOKMARK [3][-]{subsubsection.5.8.2.4}{\376\377\000T\000e\000x\000t\000E\000l\000e\000m\000e\000n\000t}{subsection.5.8.2}% 118
\BOOKMARK [2][-]{subsection.5.8.3}{\376\377\000M\000e\000m\000b\000e\000r\000\040\000F\000u\000n\000c\000t\000i\000o\000n\000\040\000D\000o\000c\000u\000m\000e\000n\000t\000a\000t\000i\000o\000n}{section.5.8}% 119
\BOOKMARK [3][-]{subsubsection.5.8.3.1}{\376\377\000c\000l\000e\000a\000r\000R\000e\000s\000u\000l\000t}{subsection.5.8.3}% 120
\BOOKMARK [3][-]{subsubsection.5.8.3.2}{\376\377\000s\000e\000t\000T\000e\000x\000t}{subsection.5.8.3}% 121
\BOOKMARK [1][-]{section.5.9}{\376\377\000T\000o\000g\000g\000l\000e\000B\000u\000t\000t\000o\000n\000\040\000C\000l\000a\000s\000s\000\040\000R\000e\000f\000e\000r\000e\000n\000c\000e}{chapter.5}% 122
\BOOKMARK [2][-]{subsection.5.9.1}{\376\377\000D\000e\000t\000a\000i\000l\000e\000d\000\040\000D\000e\000s\000c\000r\000i\000p\000t\000i\000o\000n}{section.5.9}% 123
\BOOKMARK [2][-]{subsection.5.9.2}{\376\377\000C\000o\000n\000s\000t\000r\000u\000c\000t\000o\000r\000\040\000\046\000\040\000D\000e\000s\000t\000r\000u\000c\000t\000o\000r\000\040\000D\000o\000c\000u\000m\000e\000n\000t\000a\000t\000i\000o\000n}{section.5.9}% 124
\BOOKMARK [3][-]{subsubsection.5.9.2.1}{\376\377\000T\000o\000g\000g\000l\000e\000B\000u\000t\000t\000o\000n}{subsection.5.9.2}% 125
\BOOKMARK [3][-]{subsubsection.5.9.2.2}{\376\377\000T\000o\000g\000g\000l\000e\000B\000u\000t\000t\000o\000n}{subsection.5.9.2}% 126
\BOOKMARK [3][-]{subsubsection.5.9.2.3}{\376\377\000T\000o\000g\000g\000l\000e\000B\000u\000t\000t\000o\000n}{subsection.5.9.2}% 127
\BOOKMARK [3][-]{subsubsection.5.9.2.4}{\376\377\000T\000o\000g\000g\000l\000e\000B\000u\000t\000t\000o\000n}{subsection.5.9.2}% 128
\BOOKMARK [3][-]{subsubsection.5.9.2.5}{\376\377\000T\000o\000g\000g\000l\000e\000B\000u\000t\000t\000o\000n}{subsection.5.9.2}% 129
\BOOKMARK [0][-]{chapter.6}{\376\377\000F\000i\000l\000e\000\040\000D\000o\000c\000u\000m\000e\000n\000t\000a\000t\000i\000o\000n}{}% 130
\BOOKMARK [1][-]{section.6.1}{\376\377\000b\000u\000t\000t\000o\000n\000/\000B\000u\000t\000t\000o\000n\000.\000h\000\040\000F\000i\000l\000e\000\040\000R\000e\000f\000e\000r\000e\000n\000c\000e}{chapter.6}% 131
\BOOKMARK [1][-]{section.6.2}{\376\377\000b\000u\000t\000t\000o\000n\000/\000m\000a\000i\000n\000.\000c\000p\000p\000\040\000F\000i\000l\000e\000\040\000R\000e\000f\000e\000r\000e\000n\000c\000e}{chapter.6}% 132
\BOOKMARK [2][-]{subsection.6.2.1}{\376\377\000F\000u\000n\000c\000t\000i\000o\000n\000\040\000D\000o\000c\000u\000m\000e\000n\000t\000a\000t\000i\000o\000n}{section.6.2}% 133
\BOOKMARK [3][-]{subsubsection.6.2.1.1}{\376\377\000m\000a\000i\000n}{subsection.6.2.1}% 134
\BOOKMARK [1][-]{section.6.3}{\376\377\000m\000a\000i\000n\000.\000c\000p\000p\000\040\000F\000i\000l\000e\000\040\000R\000e\000f\000e\000r\000e\000n\000c\000e}{chapter.6}% 135
\BOOKMARK [2][-]{subsection.6.3.1}{\376\377\000F\000u\000n\000c\000t\000i\000o\000n\000\040\000D\000o\000c\000u\000m\000e\000n\000t\000a\000t\000i\000o\000n}{section.6.3}% 136
\BOOKMARK [3][-]{subsubsection.6.3.1.1}{\376\377\000b\000u\000t\000t\000o\000n\000C\000l\000i\000c\000k\000e\000d}{subsection.6.3.1}% 137
\BOOKMARK [3][-]{subsubsection.6.3.1.2}{\376\377\000c\000l\000o\000s\000e\000W\000i\000n\000d\000o\000w}{subsection.6.3.1}% 138
\BOOKMARK [3][-]{subsubsection.6.3.1.3}{\376\377\000d\000r\000a\000w}{subsection.6.3.1}% 139
\BOOKMARK [3][-]{subsubsection.6.3.1.4}{\376\377\000i\000n\000i\000t}{subsection.6.3.1}% 140
\BOOKMARK [3][-]{subsubsection.6.3.1.5}{\376\377\000l\000o\000a\000d\000G\000u\000i\000T\000e\000x\000t\000u\000r\000e}{subsection.6.3.1}% 141
\BOOKMARK [3][-]{subsubsection.6.3.1.6}{\376\377\000m\000a\000i\000n}{subsection.6.3.1}% 142
\BOOKMARK [3][-]{subsubsection.6.3.1.7}{\376\377\000m\000a\000i\000n\000L\000o\000o\000p}{subsection.6.3.1}% 143
\BOOKMARK [3][-]{subsubsection.6.3.1.8}{\376\377\000m\000o\000u\000s\000e\000C\000l\000i\000c\000k\000e\000d}{subsection.6.3.1}% 144
\BOOKMARK [3][-]{subsubsection.6.3.1.9}{\376\377\000s\000h\000u\000t\000D\000o\000w\000n}{subsection.6.3.1}% 145
\BOOKMARK [3][-]{subsubsection.6.3.1.10}{\376\377\000w\000i\000n\000d\000o\000w\000R\000e\000s\000i\000z\000e}{subsection.6.3.1}% 146
\BOOKMARK [2][-]{subsection.6.3.2}{\376\377\000V\000a\000r\000i\000a\000b\000l\000e\000\040\000D\000o\000c\000u\000m\000e\000n\000t\000a\000t\000i\000o\000n}{section.6.3}% 147
\BOOKMARK [3][-]{subsubsection.6.3.2.1}{\376\377\000t\000e\000x\000t\000u\000r\000e}{subsection.6.3.2}% 148
\BOOKMARK [1][-]{section.6.4}{\376\377\000t\000e\000x\000t\000/\000m\000a\000i\000n\000.\000c\000p\000p\000\040\000F\000i\000l\000e\000\040\000R\000e\000f\000e\000r\000e\000n\000c\000e}{chapter.6}% 149
\BOOKMARK [2][-]{subsection.6.4.1}{\376\377\000F\000u\000n\000c\000t\000i\000o\000n\000\040\000D\000o\000c\000u\000m\000e\000n\000t\000a\000t\000i\000o\000n}{section.6.4}% 150
\BOOKMARK [3][-]{subsubsection.6.4.1.1}{\376\377\000m\000a\000i\000n}{subsection.6.4.1}% 151
\BOOKMARK [1][-]{section.6.5}{\376\377\000c\000h\000e\000c\000k\000b\000o\000x\000/\000C\000h\000e\000c\000k\000B\000o\000x\000.\000h\000\040\000F\000i\000l\000e\000\040\000R\000e\000f\000e\000r\000e\000n\000c\000e}{chapter.6}% 152
\BOOKMARK [1][-]{section.6.6}{\376\377\000e\000l\000e\000m\000e\000n\000t\000/\000E\000l\000e\000m\000e\000n\000t\000.\000c\000p\000p\000\040\000F\000i\000l\000e\000\040\000R\000e\000f\000e\000r\000e\000n\000c\000e}{chapter.6}% 153
\BOOKMARK [1][-]{section.6.7}{\376\377\000e\000l\000e\000m\000e\000n\000t\000/\000E\000l\000e\000m\000e\000n\000t\000.\000h\000\040\000F\000i\000l\000e\000\040\000R\000e\000f\000e\000r\000e\000n\000c\000e}{chapter.6}% 154
\BOOKMARK [2][-]{subsection.6.7.1}{\376\377\000D\000e\000t\000a\000i\000l\000e\000d\000\040\000D\000e\000s\000c\000r\000i\000p\000t\000i\000o\000n}{section.6.7}% 155
\BOOKMARK [1][-]{section.6.8}{\376\377\000e\000l\000e\000m\000e\000n\000t\000/\000M\000a\000i\000n\000.\000c\000p\000p\000\040\000F\000i\000l\000e\000\040\000R\000e\000f\000e\000r\000e\000n\000c\000e}{chapter.6}% 156
\BOOKMARK [2][-]{subsection.6.8.1}{\376\377\000F\000u\000n\000c\000t\000i\000o\000n\000\040\000D\000o\000c\000u\000m\000e\000n\000t\000a\000t\000i\000o\000n}{section.6.8}% 157
\BOOKMARK [3][-]{subsubsection.6.8.1.1}{\376\377\000m\000a\000i\000n}{subsection.6.8.1}% 158
\BOOKMARK [1][-]{section.6.9}{\376\377\000i\000m\000a\000g\000e\000/\000M\000a\000i\000n\000.\000c\000p\000p\000\040\000F\000i\000l\000e\000\040\000R\000e\000f\000e\000r\000e\000n\000c\000e}{chapter.6}% 159
\BOOKMARK [2][-]{subsection.6.9.1}{\376\377\000F\000u\000n\000c\000t\000i\000o\000n\000\040\000D\000o\000c\000u\000m\000e\000n\000t\000a\000t\000i\000o\000n}{section.6.9}% 160
\BOOKMARK [3][-]{subsubsection.6.9.1.1}{\376\377\000m\000a\000i\000n}{subsection.6.9.1}% 161
\BOOKMARK [1][-]{section.6.10}{\376\377\000t\000o\000g\000g\000l\000e\000b\000u\000t\000t\000o\000n\000/\000M\000a\000i\000n\000.\000c\000p\000p\000\040\000F\000i\000l\000e\000\040\000R\000e\000f\000e\000r\000e\000n\000c\000e}{chapter.6}% 162
\BOOKMARK [2][-]{subsection.6.10.1}{\376\377\000F\000u\000n\000c\000t\000i\000o\000n\000\040\000D\000o\000c\000u\000m\000e\000n\000t\000a\000t\000i\000o\000n}{section.6.10}% 163
\BOOKMARK [3][-]{subsubsection.6.10.1.1}{\376\377\000m\000a\000i\000n}{subsection.6.10.1}% 164
\BOOKMARK [1][-]{section.6.11}{\376\377\000i\000m\000a\000g\000e\000/\000I\000m\000a\000g\000e\000.\000c\000p\000p\000\040\000F\000i\000l\000e\000\040\000R\000e\000f\000e\000r\000e\000n\000c\000e}{chapter.6}% 165
\BOOKMARK [2][-]{subsection.6.11.1}{\376\377\000F\000u\000n\000c\000t\000i\000o\000n\000\040\000D\000o\000c\000u\000m\000e\000n\000t\000a\000t\000i\000o\000n}{section.6.11}% 166
\BOOKMARK [3][-]{subsubsection.6.11.1.1}{\376\377\000o\000p\000e\000r\000a\000t\000o\000r\000<\000<}{subsection.6.11.1}% 167
\BOOKMARK [2][-]{subsection.6.11.2}{\376\377\000V\000a\000r\000i\000a\000b\000l\000e\000\040\000D\000o\000c\000u\000m\000e\000n\000t\000a\000t\000i\000o\000n}{section.6.11}% 168
\BOOKMARK [3][-]{subsubsection.6.11.2.1}{\376\377\000E\000R\000R\000O\000R\000P\000I\000X\000E\000L}{subsection.6.11.2}% 169
\BOOKMARK [1][-]{section.6.12}{\376\377\000i\000m\000a\000g\000e\000/\000I\000m\000a\000g\000e\000.\000h\000\040\000F\000i\000l\000e\000\040\000R\000e\000f\000e\000r\000e\000n\000c\000e}{chapter.6}% 170
\BOOKMARK [1][-]{section.6.13}{\376\377\000i\000m\000a\000g\000e\000/\000I\000m\000a\000g\000e\000E\000l\000e\000m\000e\000n\000t\000.\000h\000\040\000F\000i\000l\000e\000\040\000R\000e\000f\000e\000r\000e\000n\000c\000e}{chapter.6}% 171
\BOOKMARK [1][-]{section.6.14}{\376\377\000i\000m\000a\000g\000e\000/\000P\000i\000x\000e\000l\000.\000c\000p\000p\000\040\000F\000i\000l\000e\000\040\000R\000e\000f\000e\000r\000e\000n\000c\000e}{chapter.6}% 172
\BOOKMARK [2][-]{subsection.6.14.1}{\376\377\000F\000u\000n\000c\000t\000i\000o\000n\000\040\000D\000o\000c\000u\000m\000e\000n\000t\000a\000t\000i\000o\000n}{section.6.14}% 173
\BOOKMARK [3][-]{subsubsection.6.14.1.1}{\376\377\000o\000p\000e\000r\000a\000t\000o\000r\000<\000<}{subsection.6.14.1}% 174
\BOOKMARK [1][-]{section.6.15}{\376\377\000i\000m\000a\000g\000e\000/\000P\000i\000x\000e\000l\000.\000h\000\040\000F\000i\000l\000e\000\040\000R\000e\000f\000e\000r\000e\000n\000c\000e}{chapter.6}% 175
\BOOKMARK [1][-]{section.6.16}{\376\377\000m\000a\000i\000n\000.\000h\000\040\000F\000i\000l\000e\000\040\000R\000e\000f\000e\000r\000e\000n\000c\000e}{chapter.6}% 176
\BOOKMARK [2][-]{subsection.6.16.1}{\376\377\000F\000u\000n\000c\000t\000i\000o\000n\000\040\000D\000o\000c\000u\000m\000e\000n\000t\000a\000t\000i\000o\000n}{section.6.16}% 177
\BOOKMARK [3][-]{subsubsection.6.16.1.1}{\376\377\000b\000u\000t\000t\000o\000n\000C\000l\000i\000c\000k\000e\000d}{subsection.6.16.1}% 178
\BOOKMARK [3][-]{subsubsection.6.16.1.2}{\376\377\000d\000r\000a\000w}{subsection.6.16.1}% 179
\BOOKMARK [3][-]{subsubsection.6.16.1.3}{\376\377\000i\000n\000i\000t}{subsection.6.16.1}% 180
\BOOKMARK [3][-]{subsubsection.6.16.1.4}{\376\377\000l\000o\000a\000d\000G\000u\000i\000T\000e\000x\000t\000u\000r\000e}{subsection.6.16.1}% 181
\BOOKMARK [3][-]{subsubsection.6.16.1.5}{\376\377\000m\000a\000i\000n\000L\000o\000o\000p}{subsection.6.16.1}% 182
\BOOKMARK [3][-]{subsubsection.6.16.1.6}{\376\377\000m\000o\000u\000s\000e\000C\000l\000i\000c\000k\000e\000d}{subsection.6.16.1}% 183
\BOOKMARK [3][-]{subsubsection.6.16.1.7}{\376\377\000s\000h\000u\000t\000D\000o\000w\000n}{subsection.6.16.1}% 184
\BOOKMARK [3][-]{subsubsection.6.16.1.8}{\376\377\000w\000i\000n\000d\000o\000w\000R\000e\000s\000i\000z\000e}{subsection.6.16.1}% 185
\BOOKMARK [1][-]{section.6.17}{\376\377\000R\000E\000A\000D\000M\000E\000.\000m\000d\000\040\000F\000i\000l\000e\000\040\000R\000e\000f\000e\000r\000e\000n\000c\000e}{chapter.6}% 186
\BOOKMARK [1][-]{section.6.18}{\376\377\000t\000e\000x\000t\000/\000T\000e\000x\000t\000.\000c\000p\000p\000\040\000F\000i\000l\000e\000\040\000R\000e\000f\000e\000r\000e\000n\000c\000e}{chapter.6}% 187
\BOOKMARK [1][-]{section.6.19}{\376\377\000t\000e\000x\000t\000/\000T\000e\000x\000t\000.\000h\000\040\000F\000i\000l\000e\000\040\000R\000e\000f\000e\000r\000e\000n\000c\000e}{chapter.6}% 188
\BOOKMARK [1][-]{section.6.20}{\376\377\000t\000e\000x\000t\000/\000T\000e\000x\000t\000E\000l\000e\000m\000e\000n\000t\000.\000c\000p\000p\000\040\000F\000i\000l\000e\000\040\000R\000e\000f\000e\000r\000e\000n\000c\000e}{chapter.6}% 189
\BOOKMARK [1][-]{section.6.21}{\376\377\000t\000e\000x\000t\000/\000T\000e\000x\000t\000E\000l\000e\000m\000e\000n\000t\000.\000h\000\040\000F\000i\000l\000e\000\040\000R\000e\000f\000e\000r\000e\000n\000c\000e}{chapter.6}% 190
\BOOKMARK [1][-]{section.6.22}{\376\377\000t\000o\000g\000g\000l\000e\000b\000u\000t\000t\000o\000n\000/\000T\000o\000g\000g\000l\000e\000B\000u\000t\000t\000o\000n\000.\000h\000\040\000F\000i\000l\000e\000\040\000R\000e\000f\000e\000r\000e\000n\000c\000e}{chapter.6}% 191
\BOOKMARK [-1][-]{section*.38}{\376\377\000I\000n\000d\000e\000x}{}% 192
